<?xml version="1.0" encoding="UTF-8"?>
<!-- Generated by org.testng.reporters.JUnitXMLReporter -->
<testsuite ignored="0" hostname="MOZAFFAR" failures="0" tests="3" name="Default test" time="26.333" errors="0" timestamp="2024-09-24T16:08:03 IST">
  <testcase classname="rahulShettyAcademy.tests.SubmitOrderTest" name="submitOrder" time="3.487"/>
  <testcase classname="rahulShettyAcademy.tests.SubmitOrderTest" name="submitOrder" time="6.043"/>
  <testcase classname="rahulShettyAcademy.tests.SubmitOrderTest" name="orderHistoryTest" time="1.077"/>
</testsuite> <!-- Default test -->
