<?xml version="1.0" encoding="UTF-8"?>
<!-- Generated by org.testng.reporters.JUnitXMLReporter -->
<testsuite ignored="0" hostname="MOZAFFAR" failures="0" tests="2" name="Error Validation Test" time="9.767" errors="0" timestamp="2024-09-24T16:49:00 IST">
  <testcase classname="rahulShettyAcademy.tests.ErrorValidationTest" name="loginErrorValidation" time="1.688"/>
  <testcase classname="rahulShettyAcademy.tests.ErrorValidationTest" name="productErrorValidation" time="2.495"/>
</testsuite> <!-- Error Validation Test -->
