<?xml version="1.0" encoding="UTF-8"?>
<!-- Generated by org.testng.reporters.JUnitXMLReporter -->
<testsuite ignored="0" hostname="MOZAFFAR" failures="0" tests="3" name="Submit Order Test" time="18.381" errors="0" timestamp="2024-09-24T16:49:08 IST">
  <testcase classname="rahulShettyAcademy.tests.SubmitOrderTest" name="submitOrder" time="3.979"/>
  <testcase classname="rahulShettyAcademy.tests.SubmitOrderTest" name="submitOrder" time="3.124"/>
  <testcase classname="rahulShettyAcademy.tests.SubmitOrderTest" name="orderHistoryTest" time="0.688"/>
</testsuite> <!-- Submit Order Test -->
