<?xml version="1.0" encoding="UTF-8"?>
<!-- Generated by org.testng.reporters.JUnitXMLReporter -->
<testsuite ignored="0" hostname="MOZAFFAR" failures="0" tests="3" name="Submit Order Test" time="20.158" errors="0" timestamp="2024-09-24T16:49:39 IST">
  <testcase classname="rahulShettyAcademy.tests.SubmitOrderTest" name="submitOrder" time="3.993"/>
  <testcase classname="rahulShettyAcademy.tests.SubmitOrderTest" name="submitOrder" time="3.361"/>
  <testcase classname="rahulShettyAcademy.tests.SubmitOrderTest" name="orderHistoryTest" time="0.554"/>
</testsuite> <!-- Submit Order Test -->
