<?xml version="1.0" encoding="UTF-8"?>
<testng-results ignored="0" total="5" passed="5" failed="0" skipped="0">
  <reporter-output>
  </reporter-output>
  <suite started-at="2024-09-24T16:49:18 IST" name="Suite" finished-at="2024-09-24T16:49:39 IST" duration-ms="20158">
    <groups>
      <group name="ErrorHandling">
        <method signature="ErrorValidationTest.loginErrorValidation()[pri:0, instance:rahulShettyAcademy.tests.ErrorValidationTest@48e1f6c7]" name="loginErrorValidation" class="rahulShettyAcademy.tests.ErrorValidationTest"/>
      </group> <!-- ErrorHandling -->
      <group name="Purchase">
        <method signature="SubmitOrderTest.submitOrder(java.util.HashMap)[pri:0, instance:rahulShettyAcademy.tests.SubmitOrderTest@4681c175]" name="submitOrder" class="rahulShettyAcademy.tests.SubmitOrderTest"/>
      </group> <!-- Purchase -->
    </groups>
    <test started-at="2024-09-24T16:49:18 IST" name="Error Validation Test" finished-at="2024-09-24T16:49:31 IST" duration-ms="12206">
      <class name="rahulShettyAcademy.tests.ErrorValidationTest">
        <test-method is-config="true" signature="launchApplication()[pri:0, instance:rahulShettyAcademy.tests.ErrorValidationTest@48e1f6c7]" started-at="2024-09-24T16:49:18 IST" name="launchApplication" finished-at="2024-09-24T16:49:22 IST" duration-ms="3320" status="PASS">
          <reporter-output>
          </reporter-output>
        </test-method> <!-- launchApplication -->
        <test-method signature="loginErrorValidation()[pri:0, instance:rahulShettyAcademy.tests.ErrorValidationTest@48e1f6c7]" started-at="2024-09-24T16:49:22 IST" name="loginErrorValidation" finished-at="2024-09-24T16:49:24 IST" duration-ms="2602" status="PASS">
          <reporter-output>
          </reporter-output>
        </test-method> <!-- loginErrorValidation -->
        <test-method is-config="true" signature="tearDown()[pri:0, instance:rahulShettyAcademy.tests.ErrorValidationTest@48e1f6c7]" started-at="2024-09-24T16:49:24 IST" name="tearDown" finished-at="2024-09-24T16:49:25 IST" duration-ms="237" status="PASS">
          <reporter-output>
          </reporter-output>
        </test-method> <!-- tearDown -->
        <test-method is-config="true" signature="launchApplication()[pri:0, instance:rahulShettyAcademy.tests.ErrorValidationTest@48e1f6c7]" started-at="2024-09-24T16:49:25 IST" name="launchApplication" finished-at="2024-09-24T16:49:27 IST" duration-ms="2344" status="PASS">
          <reporter-output>
          </reporter-output>
        </test-method> <!-- launchApplication -->
        <test-method signature="productErrorValidation()[pri:0, instance:rahulShettyAcademy.tests.ErrorValidationTest@48e1f6c7]" started-at="2024-09-24T16:49:27 IST" name="productErrorValidation" finished-at="2024-09-24T16:49:30 IST" duration-ms="3244" status="PASS">
          <reporter-output>
          </reporter-output>
        </test-method> <!-- productErrorValidation -->
        <test-method is-config="true" signature="tearDown()[pri:0, instance:rahulShettyAcademy.tests.ErrorValidationTest@48e1f6c7]" started-at="2024-09-24T16:49:30 IST" name="tearDown" finished-at="2024-09-24T16:49:31 IST" duration-ms="401" status="PASS">
          <reporter-output>
          </reporter-output>
        </test-method> <!-- tearDown -->
      </class> <!-- rahulShettyAcademy.tests.ErrorValidationTest -->
    </test> <!-- Error Validation Test -->
    <test started-at="2024-09-24T16:49:18 IST" name="Submit Order Test" finished-at="2024-09-24T16:49:39 IST" duration-ms="20158">
      <class name="rahulShettyAcademy.tests.SubmitOrderTest">
        <test-method is-config="true" signature="launchApplication()[pri:0, instance:rahulShettyAcademy.tests.SubmitOrderTest@4681c175]" started-at="2024-09-24T16:49:19 IST" name="launchApplication" finished-at="2024-09-24T16:49:22 IST" duration-ms="3406" status="PASS">
          <reporter-output>
          </reporter-output>
        </test-method> <!-- launchApplication -->
        <test-method signature="submitOrder(java.util.HashMap)[pri:0, instance:rahulShettyAcademy.tests.SubmitOrderTest@4681c175]" started-at="2024-09-24T16:49:22 IST" name="submitOrder" data-provider="getData" finished-at="2024-09-24T16:49:26 IST" duration-ms="3993" status="PASS">
          <params>
            <param index="0">
              <value>
                <![CDATA[{password=Test@123, product=ZARA COAT 3, email=xemis75528@cetnob.com}]]>
              </value>
            </param>
          </params>
          <reporter-output>
          </reporter-output>
        </test-method> <!-- submitOrder -->
        <test-method is-config="true" signature="tearDown()[pri:0, instance:rahulShettyAcademy.tests.SubmitOrderTest@4681c175]" started-at="2024-09-24T16:49:26 IST" name="tearDown" finished-at="2024-09-24T16:49:27 IST" duration-ms="630" status="PASS">
          <reporter-output>
          </reporter-output>
        </test-method> <!-- tearDown -->
        <test-method is-config="true" signature="launchApplication()[pri:0, instance:rahulShettyAcademy.tests.SubmitOrderTest@4681c175]" started-at="2024-09-24T16:49:27 IST" name="launchApplication" finished-at="2024-09-24T16:49:30 IST" duration-ms="3713" status="PASS">
          <reporter-output>
          </reporter-output>
        </test-method> <!-- launchApplication -->
        <test-method signature="submitOrder(java.util.HashMap)[pri:0, instance:rahulShettyAcademy.tests.SubmitOrderTest@4681c175]" started-at="2024-09-24T16:49:30 IST" name="submitOrder" data-provider="getData" finished-at="2024-09-24T16:49:34 IST" duration-ms="3361" status="PASS">
          <params>
            <param index="0">
              <value>
                <![CDATA[{password=Test@123, product=ADIDAS ORIGINAL, email=niciko8638@heweek.com}]]>
              </value>
            </param>
          </params>
          <reporter-output>
          </reporter-output>
        </test-method> <!-- submitOrder -->
        <test-method is-config="true" signature="tearDown()[pri:0, instance:rahulShettyAcademy.tests.SubmitOrderTest@4681c175]" started-at="2024-09-24T16:49:34 IST" name="tearDown" finished-at="2024-09-24T16:49:34 IST" duration-ms="282" status="PASS">
          <reporter-output>
          </reporter-output>
        </test-method> <!-- tearDown -->
        <test-method is-config="true" signature="launchApplication()[pri:0, instance:rahulShettyAcademy.tests.SubmitOrderTest@4681c175]" started-at="2024-09-24T16:49:34 IST" name="launchApplication" finished-at="2024-09-24T16:49:38 IST" duration-ms="3733" status="PASS">
          <reporter-output>
          </reporter-output>
        </test-method> <!-- launchApplication -->
        <test-method signature="orderHistoryTest()[pri:0, instance:rahulShettyAcademy.tests.SubmitOrderTest@4681c175]" started-at="2024-09-24T16:49:38 IST" name="orderHistoryTest" finished-at="2024-09-24T16:49:38 IST" depends-on-methods="rahulShettyAcademy.tests.SubmitOrderTest.submitOrder" duration-ms="554" status="PASS">
          <reporter-output>
          </reporter-output>
        </test-method> <!-- orderHistoryTest -->
        <test-method is-config="true" signature="tearDown()[pri:0, instance:rahulShettyAcademy.tests.SubmitOrderTest@4681c175]" started-at="2024-09-24T16:49:38 IST" name="tearDown" finished-at="2024-09-24T16:49:39 IST" duration-ms="205" status="PASS">
          <reporter-output>
          </reporter-output>
        </test-method> <!-- tearDown -->
      </class> <!-- rahulShettyAcademy.tests.SubmitOrderTest -->
    </test> <!-- Submit Order Test -->
  </suite> <!-- Suite -->
</testng-results>
