<?xml version="1.0" encoding="UTF-8"?>
<testng-results ignored="0" total="3" passed="3" failed="0" skipped="0">
  <reporter-output>
  </reporter-output>
  <suite started-at="2024-09-24T17:10:35 IST" name="Default suite" finished-at="2024-09-24T17:10:56 IST" duration-ms="20889">
    <groups>
      <group name="Purchase">
        <method signature="SubmitOrderTest.submitOrder(java.util.HashMap)[pri:0, instance:rahulShettyAcademy.tests.SubmitOrderTest@38d8f54a]" name="submitOrder" class="rahulShettyAcademy.tests.SubmitOrderTest"/>
      </group> <!-- Purchase -->
    </groups>
    <test started-at="2024-09-24T17:10:35 IST" name="Default test" finished-at="2024-09-24T17:10:56 IST" duration-ms="20889">
      <class name="rahulShettyAcademy.tests.SubmitOrderTest">
        <test-method is-config="true" signature="launchApplication()[pri:0, instance:rahulShettyAcademy.tests.SubmitOrderTest@38d8f54a]" started-at="2024-09-24T17:10:35 IST" name="launchApplication" finished-at="2024-09-24T17:10:40 IST" duration-ms="5097" status="PASS">
          <reporter-output>
          </reporter-output>
        </test-method> <!-- launchApplication -->
        <test-method signature="submitOrder(java.util.HashMap)[pri:0, instance:rahulShettyAcademy.tests.SubmitOrderTest@38d8f54a]" started-at="2024-09-24T17:10:40 IST" name="submitOrder" data-provider="getData" finished-at="2024-09-24T17:10:44 IST" duration-ms="3535" status="PASS">
          <params>
            <param index="0">
              <value>
                <![CDATA[{password=Test@123, product=ZARA COAT 3, email=xemis75528@cetnob.com}]]>
              </value>
            </param>
          </params>
          <reporter-output>
          </reporter-output>
        </test-method> <!-- submitOrder -->
        <test-method is-config="true" signature="tearDown()[pri:0, instance:rahulShettyAcademy.tests.SubmitOrderTest@38d8f54a]" started-at="2024-09-24T17:10:44 IST" name="tearDown" finished-at="2024-09-24T17:10:44 IST" duration-ms="177" status="PASS">
          <reporter-output>
          </reporter-output>
        </test-method> <!-- tearDown -->
        <test-method is-config="true" signature="launchApplication()[pri:0, instance:rahulShettyAcademy.tests.SubmitOrderTest@38d8f54a]" started-at="2024-09-24T17:10:44 IST" name="launchApplication" finished-at="2024-09-24T17:10:48 IST" duration-ms="4452" status="PASS">
          <reporter-output>
          </reporter-output>
        </test-method> <!-- launchApplication -->
        <test-method signature="submitOrder(java.util.HashMap)[pri:0, instance:rahulShettyAcademy.tests.SubmitOrderTest@38d8f54a]" started-at="2024-09-24T17:10:48 IST" name="submitOrder" data-provider="getData" finished-at="2024-09-24T17:10:51 IST" duration-ms="2999" status="PASS">
          <params>
            <param index="0">
              <value>
                <![CDATA[{password=Test@123, product=ADIDAS ORIGINAL, email=niciko8638@heweek.com}]]>
              </value>
            </param>
          </params>
          <reporter-output>
          </reporter-output>
        </test-method> <!-- submitOrder -->
        <test-method is-config="true" signature="tearDown()[pri:0, instance:rahulShettyAcademy.tests.SubmitOrderTest@38d8f54a]" started-at="2024-09-24T17:10:51 IST" name="tearDown" finished-at="2024-09-24T17:10:52 IST" duration-ms="165" status="PASS">
          <reporter-output>
          </reporter-output>
        </test-method> <!-- tearDown -->
        <test-method is-config="true" signature="launchApplication()[pri:0, instance:rahulShettyAcademy.tests.SubmitOrderTest@38d8f54a]" started-at="2024-09-24T17:10:52 IST" name="launchApplication" finished-at="2024-09-24T17:10:55 IST" duration-ms="3251" status="PASS">
          <reporter-output>
          </reporter-output>
        </test-method> <!-- launchApplication -->
        <test-method signature="orderHistoryTest()[pri:0, instance:rahulShettyAcademy.tests.SubmitOrderTest@38d8f54a]" started-at="2024-09-24T17:10:55 IST" name="orderHistoryTest" finished-at="2024-09-24T17:10:56 IST" depends-on-methods="rahulShettyAcademy.tests.SubmitOrderTest.submitOrder" duration-ms="727" status="PASS">
          <reporter-output>
          </reporter-output>
        </test-method> <!-- orderHistoryTest -->
        <test-method is-config="true" signature="tearDown()[pri:0, instance:rahulShettyAcademy.tests.SubmitOrderTest@38d8f54a]" started-at="2024-09-24T17:10:56 IST" name="tearDown" finished-at="2024-09-24T17:10:56 IST" duration-ms="203" status="PASS">
          <reporter-output>
          </reporter-output>
        </test-method> <!-- tearDown -->
      </class> <!-- rahulShettyAcademy.tests.SubmitOrderTest -->
    </test> <!-- Default test -->
  </suite> <!-- Default suite -->
</testng-results>
