<?xml version="1.0" encoding="UTF-8"?>
<testng-results ignored="0" total="5" passed="5" failed="0" skipped="0">
  <reporter-output>
  </reporter-output>
  <suite started-at="2024-09-24T16:48:49 IST" name="Suite" finished-at="2024-09-24T16:49:08 IST" duration-ms="18381">
    <groups>
      <group name="ErrorHandling">
        <method signature="ErrorValidationTest.loginErrorValidation()[pri:0, instance:rahulShettyAcademy.tests.ErrorValidationTest@64b0598]" name="loginErrorValidation" class="rahulShettyAcademy.tests.ErrorValidationTest"/>
      </group> <!-- ErrorHandling -->
      <group name="Purchase">
        <method signature="SubmitOrderTest.submitOrder(java.util.HashMap)[pri:0, instance:rahulShettyAcademy.tests.SubmitOrderTest@23f5b5dc]" name="submitOrder" class="rahulShettyAcademy.tests.SubmitOrderTest"/>
      </group> <!-- Purchase -->
    </groups>
    <test started-at="2024-09-24T16:48:49 IST" name="Error Validation Test" finished-at="2024-09-24T16:48:59 IST" duration-ms="9767">
      <class name="rahulShettyAcademy.tests.ErrorValidationTest">
        <test-method is-config="true" signature="launchApplication()[pri:0, instance:rahulShettyAcademy.tests.ErrorValidationTest@64b0598]" started-at="2024-09-24T16:48:49 IST" name="launchApplication" finished-at="2024-09-24T16:48:52 IST" duration-ms="2856" status="PASS">
          <reporter-output>
          </reporter-output>
        </test-method> <!-- launchApplication -->
        <test-method signature="loginErrorValidation()[pri:0, instance:rahulShettyAcademy.tests.ErrorValidationTest@64b0598]" started-at="2024-09-24T16:48:52 IST" name="loginErrorValidation" finished-at="2024-09-24T16:48:54 IST" duration-ms="1688" status="PASS">
          <reporter-output>
          </reporter-output>
        </test-method> <!-- loginErrorValidation -->
        <test-method is-config="true" signature="tearDown()[pri:0, instance:rahulShettyAcademy.tests.ErrorValidationTest@64b0598]" started-at="2024-09-24T16:48:54 IST" name="tearDown" finished-at="2024-09-24T16:48:54 IST" duration-ms="200" status="PASS">
          <reporter-output>
          </reporter-output>
        </test-method> <!-- tearDown -->
        <test-method is-config="true" signature="launchApplication()[pri:0, instance:rahulShettyAcademy.tests.ErrorValidationTest@64b0598]" started-at="2024-09-24T16:48:54 IST" name="launchApplication" finished-at="2024-09-24T16:48:56 IST" duration-ms="2314" status="PASS">
          <reporter-output>
          </reporter-output>
        </test-method> <!-- launchApplication -->
        <test-method signature="productErrorValidation()[pri:0, instance:rahulShettyAcademy.tests.ErrorValidationTest@64b0598]" started-at="2024-09-24T16:48:56 IST" name="productErrorValidation" finished-at="2024-09-24T16:48:59 IST" duration-ms="2495" status="PASS">
          <reporter-output>
          </reporter-output>
        </test-method> <!-- productErrorValidation -->
        <test-method is-config="true" signature="tearDown()[pri:0, instance:rahulShettyAcademy.tests.ErrorValidationTest@64b0598]" started-at="2024-09-24T16:48:59 IST" name="tearDown" finished-at="2024-09-24T16:48:59 IST" duration-ms="154" status="PASS">
          <reporter-output>
          </reporter-output>
        </test-method> <!-- tearDown -->
      </class> <!-- rahulShettyAcademy.tests.ErrorValidationTest -->
    </test> <!-- Error Validation Test -->
    <test started-at="2024-09-24T16:48:49 IST" name="Submit Order Test" finished-at="2024-09-24T16:49:08 IST" duration-ms="18381">
      <class name="rahulShettyAcademy.tests.SubmitOrderTest">
        <test-method is-config="true" signature="launchApplication()[pri:0, instance:rahulShettyAcademy.tests.SubmitOrderTest@23f5b5dc]" started-at="2024-09-24T16:48:49 IST" name="launchApplication" finished-at="2024-09-24T16:48:53 IST" duration-ms="3413" status="PASS">
          <reporter-output>
          </reporter-output>
        </test-method> <!-- launchApplication -->
        <test-method signature="submitOrder(java.util.HashMap)[pri:0, instance:rahulShettyAcademy.tests.SubmitOrderTest@23f5b5dc]" started-at="2024-09-24T16:48:53 IST" name="submitOrder" data-provider="getData" finished-at="2024-09-24T16:48:57 IST" duration-ms="3979" status="PASS">
          <params>
            <param index="0">
              <value>
                <![CDATA[{password=Test@123, product=ZARA COAT 3, email=xemis75528@cetnob.com}]]>
              </value>
            </param>
          </params>
          <reporter-output>
          </reporter-output>
        </test-method> <!-- submitOrder -->
        <test-method is-config="true" signature="tearDown()[pri:0, instance:rahulShettyAcademy.tests.SubmitOrderTest@23f5b5dc]" started-at="2024-09-24T16:48:57 IST" name="tearDown" finished-at="2024-09-24T16:48:57 IST" duration-ms="145" status="PASS">
          <reporter-output>
          </reporter-output>
        </test-method> <!-- tearDown -->
        <test-method is-config="true" signature="launchApplication()[pri:0, instance:rahulShettyAcademy.tests.SubmitOrderTest@23f5b5dc]" started-at="2024-09-24T16:48:57 IST" name="launchApplication" finished-at="2024-09-24T16:48:59 IST" duration-ms="2534" status="PASS">
          <reporter-output>
          </reporter-output>
        </test-method> <!-- launchApplication -->
        <test-method signature="submitOrder(java.util.HashMap)[pri:0, instance:rahulShettyAcademy.tests.SubmitOrderTest@23f5b5dc]" started-at="2024-09-24T16:48:59 IST" name="submitOrder" data-provider="getData" finished-at="2024-09-24T16:49:03 IST" duration-ms="3124" status="PASS">
          <params>
            <param index="0">
              <value>
                <![CDATA[{password=Test@123, product=ADIDAS ORIGINAL, email=niciko8638@heweek.com}]]>
              </value>
            </param>
          </params>
          <reporter-output>
          </reporter-output>
        </test-method> <!-- submitOrder -->
        <test-method is-config="true" signature="tearDown()[pri:0, instance:rahulShettyAcademy.tests.SubmitOrderTest@23f5b5dc]" started-at="2024-09-24T16:49:03 IST" name="tearDown" finished-at="2024-09-24T16:49:03 IST" duration-ms="292" status="PASS">
          <reporter-output>
          </reporter-output>
        </test-method> <!-- tearDown -->
        <test-method is-config="true" signature="launchApplication()[pri:0, instance:rahulShettyAcademy.tests.SubmitOrderTest@23f5b5dc]" started-at="2024-09-24T16:49:03 IST" name="launchApplication" finished-at="2024-09-24T16:49:07 IST" duration-ms="3698" status="PASS">
          <reporter-output>
          </reporter-output>
        </test-method> <!-- launchApplication -->
        <test-method signature="orderHistoryTest()[pri:0, instance:rahulShettyAcademy.tests.SubmitOrderTest@23f5b5dc]" started-at="2024-09-24T16:49:07 IST" name="orderHistoryTest" finished-at="2024-09-24T16:49:07 IST" depends-on-methods="rahulShettyAcademy.tests.SubmitOrderTest.submitOrder" duration-ms="688" status="PASS">
          <reporter-output>
          </reporter-output>
        </test-method> <!-- orderHistoryTest -->
        <test-method is-config="true" signature="tearDown()[pri:0, instance:rahulShettyAcademy.tests.SubmitOrderTest@23f5b5dc]" started-at="2024-09-24T16:49:07 IST" name="tearDown" finished-at="2024-09-24T16:49:08 IST" duration-ms="250" status="PASS">
          <reporter-output>
          </reporter-output>
        </test-method> <!-- tearDown -->
      </class> <!-- rahulShettyAcademy.tests.SubmitOrderTest -->
    </test> <!-- Submit Order Test -->
  </suite> <!-- Suite -->
</testng-results>
